Using pre-set license
Built from '2021.3/staging' branch; Version is '2021.3.15f1 (e8e88683f834) revision 15263878'; Using compiler version '192829333'; Build Type 'Release'
OS: 'Windows 10  (10.0.19045) 64bit Professional' Language: 'ru' Physical Memory: 16332 MB
BatchMode: 1, IsHumanControllingUs: 0, StartBugReporterOnCrash: 0, Is64bit: 1, IsPro: 1

COMMAND LINE ARGUMENTS:
C:\Program Files\Unity\Hub\Editor\2021.3.15f1\Editor\Unity.exe
-adb2
-batchMode
-noUpm
-name
AssetImportWorker2
-projectPath
C:/Unity/2D Games/AgarIO
-logFile
Logs/AssetImportWorker2.log
-srvPort
63583
Successfully changed project path to: C:/Unity/2D Games/AgarIO
C:/Unity/2D Games/AgarIO
[UnityMemory] Configuration Parameters - Can be set up in boot.config
    "memorysetup-bucket-allocator-granularity=16"
    "memorysetup-bucket-allocator-bucket-count=8"
    "memorysetup-bucket-allocator-block-size=33554432"
    "memorysetup-bucket-allocator-block-count=8"
    "memorysetup-main-allocator-block-size=16777216"
    "memorysetup-thread-allocator-block-size=16777216"
    "memorysetup-gfx-main-allocator-block-size=16777216"
    "memorysetup-gfx-thread-allocator-block-size=16777216"
    "memorysetup-cache-allocator-block-size=4194304"
    "memorysetup-typetree-allocator-block-size=2097152"
    "memorysetup-profiler-bucket-allocator-granularity=16"
    "memorysetup-profiler-bucket-allocator-bucket-count=8"
    "memorysetup-profiler-bucket-allocator-block-size=33554432"
    "memorysetup-profiler-bucket-allocator-block-count=8"
    "memorysetup-profiler-allocator-block-size=16777216"
    "memorysetup-profiler-editor-allocator-block-size=1048576"
    "memorysetup-temp-allocator-size-main=16777216"
    "memorysetup-job-temp-allocator-block-size=2097152"
    "memorysetup-job-temp-allocator-block-size-background=1048576"
    "memorysetup-job-temp-allocator-reduction-small-platforms=262144"
    "memorysetup-temp-allocator-size-background-worker=32768"
    "memorysetup-temp-allocator-size-job-worker=262144"
    "memorysetup-temp-allocator-size-preload-manager=33554432"
    "memorysetup-temp-allocator-size-nav-mesh-worker=65536"
    "memorysetup-temp-allocator-size-audio-worker=65536"
    "memorysetup-temp-allocator-size-cloud-worker=32768"
    "memorysetup-temp-allocator-size-gi-baking-worker=262144"
    "memorysetup-temp-allocator-size-gfx=262144"
Player connection [30724] Host "[IP] 192.168.1.195 [Port] 0 [Flags] 2 [Guid] 374314360 [EditorId] 374314360 [Version] 1048832 [Id] WindowsEditor(7,DESKTOP-BN35VP5) [Debug] 1 [PackageName] WindowsEditor [ProjectName] Editor" joined multi-casting on [225.0.0.222:54997]...

Player connection [30724] Host "[IP] 192.168.1.195 [Port] 0 [Flags] 2 [Guid] 374314360 [EditorId] 374314360 [Version] 1048832 [Id] WindowsEditor(7,DESKTOP-BN35VP5) [Debug] 1 [PackageName] WindowsEditor [ProjectName] Editor" joined alternative multi-casting on [225.0.0.222:34997]...

Refreshing native plugins compatible for Editor in 90.04 ms, found 4 plugins.
Preloading 0 native plugins for Editor in 0.00 ms.
Initialize engine version: 2021.3.15f1 (e8e88683f834)
[Subsystems] Discovering subsystems at path C:/Program Files/Unity/Hub/Editor/2021.3.15f1/Editor/Data/Resources/UnitySubsystems
[Subsystems] Discovering subsystems at path C:/Unity/2D Games/AgarIO/Assets
GfxDevice: creating device client; threaded=0; jobified=0
Direct3D:
    Version:  Direct3D 11.0 [level 11.1]
    Renderer: NVIDIA GeForce RTX 3060 (ID=0x2503)
    Vendor:   NVIDIA
    VRAM:     12129 MB
    Driver:   31.0.15.3623
Initialize mono
Mono path[0] = 'C:/Program Files/Unity/Hub/Editor/2021.3.15f1/Editor/Data/Managed'
Mono path[1] = 'C:/Program Files/Unity/Hub/Editor/2021.3.15f1/Editor/Data/MonoBleedingEdge/lib/mono/unityjit-win32'
Mono config path = 'C:/Program Files/Unity/Hub/Editor/2021.3.15f1/Editor/Data/MonoBleedingEdge/etc'
Using monoOptions --debugger-agent=transport=dt_socket,embedding=1,server=y,suspend=n,address=127.0.0.1:56720
Begin MonoManager ReloadAssembly
Registering precompiled unity dll's ...
Register platform support module: C:/Program Files/Unity/Hub/Editor/2021.3.15f1/Editor/Data/PlaybackEngines/WebGLSupport/UnityEditor.WebGL.Extensions.dll
Register platform support module: C:/Program Files/Unity/Hub/Editor/2021.3.15f1/Editor/Data/PlaybackEngines/MacStandaloneSupport/UnityEditor.OSXStandalone.Extensions.dll
Register platform support module: C:/Program Files/Unity/Hub/Editor/2021.3.15f1/Editor/Data/PlaybackEngines/AndroidPlayer/UnityEditor.Android.Extensions.dll
Register platform support module: C:/Program Files/Unity/Hub/Editor/2021.3.15f1/Editor/Data/PlaybackEngines/iOSSupport/UnityEditor.iOS.Extensions.dll
Register platform support module: C:/Program Files/Unity/Hub/Editor/2021.3.15f1/Editor/Data/PlaybackEngines/WindowsStandaloneSupport/UnityEditor.WindowsStandalone.Extensions.dll
Registered in 0.009601 seconds.
Native extension for WindowsStandalone target not found
[usbmuxd] Start listen thread
[usbmuxd] Listen thread started
Native extension for iOS target not found
Native extension for Android target not found
Native extension for OSXStandalone target not found
Native extension for WebGL target not found
Refreshing native plugins compatible for Editor in 93.95 ms, found 4 plugins.
Preloading 0 native plugins for Editor in 0.00 ms.
Mono: successfully reloaded assembly
- Completed reload, in  0.635 seconds
Domain Reload Profiling:
	ReloadAssembly (635ms)
		BeginReloadAssembly (78ms)
			ExecutionOrderSort (0ms)
			DisableScriptedObjects (0ms)
			BackupInstance (0ms)
			ReleaseScriptingObjects (0ms)
			CreateAndSetChildDomain (1ms)
		EndReloadAssembly (449ms)
			LoadAssemblies (75ms)
			RebuildTransferFunctionScriptingTraits (0ms)
			SetupTypeCache (105ms)
			ReleaseScriptCaches (0ms)
			RebuildScriptCaches (23ms)
			SetupLoadedEditorAssemblies (276ms)
				LogAssemblyErrors (0ms)
				InitializePlatformSupportModulesInManaged (60ms)
				SetLoadedEditorAssemblies (0ms)
				RefreshPlugins (94ms)
				BeforeProcessingInitializeOnLoad (1ms)
				ProcessInitializeOnLoadAttributes (84ms)
				ProcessInitializeOnLoadMethodAttributes (37ms)
				AfterProcessingInitializeOnLoad (0ms)
				EditorAssembliesLoaded (0ms)
			ExecutionOrderSort2 (0ms)
			AwakeInstancesAfterBackupRestoration (0ms)
Platform modules already initialized, skipping
Registering precompiled user dll's ...
Registered in 0.006924 seconds.
Begin MonoManager ReloadAssembly
Symbol file LoadedFromMemory doesn't match image C:\Unity\2D Games\AgarIO\Library\PackageCache\com.unity.visualscripting@1.7.8\Editor\VisualScripting.Core\Dependencies\YamlDotNet\Unity.VisualScripting.YamlDotNet.dll
Symbol file LoadedFromMemory doesn't match image C:\Unity\2D Games\AgarIO\Library\PackageCache\com.unity.visualscripting@1.7.8\Editor\VisualScripting.Core\Dependencies\DotNetZip\Unity.VisualScripting.IonicZip.dll
Native extension for WindowsStandalone target not found
Native extension for iOS target not found
Native extension for Android target not found
Native extension for OSXStandalone target not found
Native extension for WebGL target not found
Refreshing native plugins compatible for Editor in 83.08 ms, found 4 plugins.
Preloading 0 native plugins for Editor in 0.00 ms.
Mono: successfully reloaded assembly
- Completed reload, in  1.265 seconds
Domain Reload Profiling:
	ReloadAssembly (1265ms)
		BeginReloadAssembly (201ms)
			ExecutionOrderSort (0ms)
			DisableScriptedObjects (5ms)
			BackupInstance (0ms)
			ReleaseScriptingObjects (0ms)
			CreateAndSetChildDomain (123ms)
		EndReloadAssembly (958ms)
			LoadAssemblies (76ms)
			RebuildTransferFunctionScriptingTraits (0ms)
			SetupTypeCache (222ms)
			ReleaseScriptCaches (1ms)
			RebuildScriptCaches (50ms)
			SetupLoadedEditorAssemblies (569ms)
				LogAssemblyErrors (0ms)
				InitializePlatformSupportModulesInManaged (24ms)
				SetLoadedEditorAssemblies (0ms)
				RefreshPlugins (83ms)
				BeforeProcessingInitializeOnLoad (88ms)
				ProcessInitializeOnLoadAttributes (333ms)
				ProcessInitializeOnLoadMethodAttributes (32ms)
				AfterProcessingInitializeOnLoad (8ms)
				EditorAssembliesLoaded (0ms)
			ExecutionOrderSort2 (0ms)
			AwakeInstancesAfterBackupRestoration (4ms)
Platform modules already initialized, skipping
========================================================================
Worker process is ready to serve import requests
Launched and connected shader compiler UnityShaderCompiler.exe after 0.04 seconds
Refreshing native plugins compatible for Editor in 0.92 ms, found 4 plugins.
Preloading 0 native plugins for Editor in 0.00 ms.
Unloading 4058 Unused Serialized files (Serialized files now loaded: 0)
Unloading 38 unused Assets / (56.2 KB). Loaded Objects now: 4517.
Memory consumption went from 153.0 MB to 152.9 MB.
Total: 3.495200 ms (FindLiveObjects: 0.376100 ms CreateObjectMapping: 0.105300 ms MarkObjects: 2.932400 ms  DeleteObjects: 0.080400 ms)

AssetImportParameters requested are different than current active one (requested -> active):
  custom:video-decoder-ogg-theora: a1e56fd34408186e4bbccfd4996cb3dc -> 
  custom:container-muxer-webm: aa71ff27fc2769a1b78a27578f13a17b -> 
  custom:container-demuxer-webm: 4f35f7cbe854078d1ac9338744f61a02 -> 
  custom:video-encoder-webm-vp8: eb34c28f22e8b96e1ab97ce403110664 -> 
  custom:audio-encoder-webm-vorbis: bf7c407c2cedff20999df2af8eb42d56 -> 
  custom:framework-win-MediaFoundation: 216162199b28c13a410421893ffa2e32 -> 
  custom:container-demuxer-ogg: 62fdf1f143b41e24485cea50d1cbac27 -> 
  custom:video-decoder-webm-vp8: 9c59270c3fd7afecdb556c50c9e8de78 -> 
  custom:audio-decoder-ogg-vorbis: bf7c407c2cedff20999df2af8eb42d56 -> 
========================================================================
Received Import Request.
  Time since last request: 1032189.764391 seconds.
  path: Assets/Game/Images/Background/game_background.jpg
  artifactKey: Guid(2e9ac5ef5b87b57469e8063c6f358299) Importer(815301076,1909f56bfc062723c751e8b465ee728b)
Start importing Assets/Game/Images/Background/game_background.jpg using Guid(2e9ac5ef5b87b57469e8063c6f358299) Importer(815301076,1909f56bfc062723c751e8b465ee728b)  -> (artifact id: '4709a0a95308ae0530c9883badd3698a') in 0.141496 seconds 
========================================================================
Received Import Request.
  Time since last request: 54.189910 seconds.
  path: Assets/Game/Images/Background/c0433a1b2de916632a12ffefe9eb95c3.png
  artifactKey: Guid(31db27a6135dd2e49a1899658cdd332d) Importer(815301076,1909f56bfc062723c751e8b465ee728b)
Start importing Assets/Game/Images/Background/c0433a1b2de916632a12ffefe9eb95c3.png using Guid(31db27a6135dd2e49a1899658cdd332d) Importer(815301076,1909f56bfc062723c751e8b465ee728b)  -> (artifact id: '30e4ece8eb712a193ac3b0b22f35df4c') in 0.058056 seconds 
========================================================================
Received Import Request.
  Time since last request: 4.001052 seconds.
  path: Assets/Game/Images/Background/game_background.png
  artifactKey: Guid(31db27a6135dd2e49a1899658cdd332d) Importer(815301076,1909f56bfc062723c751e8b465ee728b)
Start importing Assets/Game/Images/Background/game_background.png using Guid(31db27a6135dd2e49a1899658cdd332d) Importer(815301076,1909f56bfc062723c751e8b465ee728b)  -> (artifact id: 'dc44834492688fd568f14bc03cb0f996') in 0.056159 seconds 
========================================================================
Received Import Request.
  Time since last request: 507.344671 seconds.
  path: Assets/Game/Images/Background/game_background.png
  artifactKey: Guid(31db27a6135dd2e49a1899658cdd332d) Importer(815301076,1909f56bfc062723c751e8b465ee728b)
Start importing Assets/Game/Images/Background/game_background.png using Guid(31db27a6135dd2e49a1899658cdd332d) Importer(815301076,1909f56bfc062723c751e8b465ee728b)  -> (artifact id: '18adbad07265bcd8c5e75f43032e49e7') in 0.048347 seconds 
========================================================================
Received Import Request.
  Time since last request: 27.278228 seconds.
  path: Assets/Game/Images/Background/game_background.png
  artifactKey: Guid(31db27a6135dd2e49a1899658cdd332d) Importer(815301076,1909f56bfc062723c751e8b465ee728b)
Start importing Assets/Game/Images/Background/game_background.png using Guid(31db27a6135dd2e49a1899658cdd332d) Importer(815301076,1909f56bfc062723c751e8b465ee728b)  -> (artifact id: '3c4f59d2a23e75bd9cb6563e514695a8') in 0.045369 seconds 
========================================================================
Received Import Request.
  Time since last request: 2.091632 seconds.
  path: Assets/Game/Images/Background/game_background.png
  artifactKey: Guid(31db27a6135dd2e49a1899658cdd332d) Importer(815301076,1909f56bfc062723c751e8b465ee728b)
Start importing Assets/Game/Images/Background/game_background.png using Guid(31db27a6135dd2e49a1899658cdd332d) Importer(815301076,1909f56bfc062723c751e8b465ee728b)  -> (artifact id: '9bdf72dba414706fde01ae741fa033e6') in 0.034123 seconds 
========================================================================
Received Import Request.
  Time since last request: 1.701244 seconds.
  path: Assets/Game/Images/Background/game_background.png
  artifactKey: Guid(31db27a6135dd2e49a1899658cdd332d) Importer(815301076,1909f56bfc062723c751e8b465ee728b)
Start importing Assets/Game/Images/Background/game_background.png using Guid(31db27a6135dd2e49a1899658cdd332d) Importer(815301076,1909f56bfc062723c751e8b465ee728b)  -> (artifact id: '39cf38dd07106eabba5b948ad04e739b') in 0.019157 seconds 
========================================================================
Received Import Request.
  Time since last request: 1.869441 seconds.
  path: Assets/Game/Images/Background/game_background.png
  artifactKey: Guid(31db27a6135dd2e49a1899658cdd332d) Importer(815301076,1909f56bfc062723c751e8b465ee728b)
Start importing Assets/Game/Images/Background/game_background.png using Guid(31db27a6135dd2e49a1899658cdd332d) Importer(815301076,1909f56bfc062723c751e8b465ee728b)  -> (artifact id: 'eae58762d89a6e84bce57afbce989e6d') in 0.038422 seconds 
========================================================================
Received Import Request.
  Time since last request: 6.463293 seconds.
  path: Assets/Game/Images/Background/game_background.png
  artifactKey: Guid(31db27a6135dd2e49a1899658cdd332d) Importer(815301076,1909f56bfc062723c751e8b465ee728b)
Start importing Assets/Game/Images/Background/game_background.png using Guid(31db27a6135dd2e49a1899658cdd332d) Importer(815301076,1909f56bfc062723c751e8b465ee728b)  -> (artifact id: 'da7ee8034a09ac493bd52256ad5d03d0') in 0.039597 seconds 
========================================================================
Received Import Request.
  Time since last request: 4.503158 seconds.
  path: Assets/Game/Images/Background/game_background.png
  artifactKey: Guid(31db27a6135dd2e49a1899658cdd332d) Importer(815301076,1909f56bfc062723c751e8b465ee728b)
Start importing Assets/Game/Images/Background/game_background.png using Guid(31db27a6135dd2e49a1899658cdd332d) Importer(815301076,1909f56bfc062723c751e8b465ee728b)  -> (artifact id: '9d798a89276862e7a81fdb3a38c8cbc9') in 0.039109 seconds 
========================================================================
Received Import Request.
  Time since last request: 2.571787 seconds.
  path: Assets/Game/Images/Background/game_background.png
  artifactKey: Guid(31db27a6135dd2e49a1899658cdd332d) Importer(815301076,1909f56bfc062723c751e8b465ee728b)
Start importing Assets/Game/Images/Background/game_background.png using Guid(31db27a6135dd2e49a1899658cdd332d) Importer(815301076,1909f56bfc062723c751e8b465ee728b)  -> (artifact id: 'f30835bf19de878c40a350e0747d375a') in 0.038342 seconds 
========================================================================
Received Import Request.
  Time since last request: 1.800903 seconds.
  path: Assets/Game/Images/Background/game_background.png
  artifactKey: Guid(31db27a6135dd2e49a1899658cdd332d) Importer(815301076,1909f56bfc062723c751e8b465ee728b)
Start importing Assets/Game/Images/Background/game_background.png using Guid(31db27a6135dd2e49a1899658cdd332d) Importer(815301076,1909f56bfc062723c751e8b465ee728b)  -> (artifact id: '7b6a4386cea1702fb30a7821d9a211f0') in 0.041270 seconds 
========================================================================
Received Import Request.
  Time since last request: 3.824817 seconds.
  path: Assets/Game/Images/Background/game_background.png
  artifactKey: Guid(31db27a6135dd2e49a1899658cdd332d) Importer(815301076,1909f56bfc062723c751e8b465ee728b)
Start importing Assets/Game/Images/Background/game_background.png using Guid(31db27a6135dd2e49a1899658cdd332d) Importer(815301076,1909f56bfc062723c751e8b465ee728b)  -> (artifact id: 'f60ac8304758a00e400f7b329b522d55') in 0.044646 seconds 
========================================================================
Received Import Request.
  Time since last request: 281.463039 seconds.
  path: Assets/Game/Images/Background/game_background1.png
  artifactKey: Guid(368a4b74d534e0743a987afa54fde9f4) Importer(815301076,1909f56bfc062723c751e8b465ee728b)
Start importing Assets/Game/Images/Background/game_background1.png using Guid(368a4b74d534e0743a987afa54fde9f4) Importer(815301076,1909f56bfc062723c751e8b465ee728b)  -> (artifact id: '3f7c6a1df6ee1bb7fc841a0c86537e04') in 0.041796 seconds 
========================================================================
Received Import Request.
  Time since last request: 949.193409 seconds.
  path: Assets/Game/Images/Background/game_background.png
  artifactKey: Guid(368a4b74d534e0743a987afa54fde9f4) Importer(815301076,1909f56bfc062723c751e8b465ee728b)
Start importing Assets/Game/Images/Background/game_background.png using Guid(368a4b74d534e0743a987afa54fde9f4) Importer(815301076,1909f56bfc062723c751e8b465ee728b)  -> (artifact id: 'dfe61f4d4103ccb5a1d8dc4da2f7179d') in 0.048506 seconds 
